{"/home/bugra/Documents/MiniProject/gdal3.js/src/allJsFunctions/application/gdal_rasterize.js": {"path":"/home/bugra/Documents/MiniProject/gdal3.js/src/allJsFunctions/application/gdal_rasterize.js","statementMap":{"0":{"start":{"line":30,"column":4},"end":{"line":62,"column":7}},"1":{"start":{"line":31,"column":23},"end":{"line":31,"column":42}},"2":{"start":{"line":32,"column":23},"end":{"line":32,"column":36}},"3":{"start":{"line":33,"column":8},"end":{"line":35,"column":11}},"4":{"start":{"line":34,"column":12},"end":{"line":34,"column":57}},"5":{"start":{"line":36,"column":27},"end":{"line":36,"column":82}},"6":{"start":{"line":38,"column":28},"end":{"line":38,"column":54}},"7":{"start":{"line":39,"column":18},"end":{"line":39,"column":23}},"8":{"start":{"line":40,"column":8},"end":{"line":44,"column":9}},"9":{"start":{"line":41,"column":31},"end":{"line":41,"column":51}},"10":{"start":{"line":42,"column":27},"end":{"line":42,"column":53}},"11":{"start":{"line":43,"column":12},"end":{"line":43,"column":47}},"12":{"start":{"line":43,"column":24},"end":{"line":43,"column":47}},"13":{"start":{"line":46,"column":27},"end":{"line":46,"column":56}},"14":{"start":{"line":47,"column":25},"end":{"line":47,"column":61}},"15":{"start":{"line":48,"column":27},"end":{"line":48,"column":105}},"16":{"start":{"line":49,"column":8},"end":{"line":49,"column":59}},"17":{"start":{"line":50,"column":8},"end":{"line":50,"column":29}},"18":{"start":{"line":51,"column":8},"end":{"line":51,"column":44}},"19":{"start":{"line":53,"column":8},"end":{"line":61,"column":9}},"20":{"start":{"line":54,"column":26},"end":{"line":54,"column":40}},"21":{"start":{"line":55,"column":12},"end":{"line":55,"column":26}},"22":{"start":{"line":57,"column":12},"end":{"line":60,"column":15}}},"fnMap":{"0":{"name":"gdal_rasterize","decl":{"start":{"line":29,"column":24},"end":{"line":29,"column":38}},"loc":{"start":{"line":29,"column":62},"end":{"line":63,"column":1}},"line":29},"1":{"name":"(anonymous_1)","decl":{"start":{"line":30,"column":23},"end":{"line":30,"column":24}},"loc":{"start":{"line":30,"column":44},"end":{"line":62,"column":5}},"line":30},"2":{"name":"(anonymous_2)","decl":{"start":{"line":33,"column":39},"end":{"line":33,"column":40}},"loc":{"start":{"line":33,"column":57},"end":{"line":35,"column":9}},"line":33}},"branchMap":{"0":{"loc":{"start":{"line":29,"column":48},"end":{"line":29,"column":60}},"type":"default-arg","locations":[{"start":{"line":29,"column":58},"end":{"line":29,"column":60}}],"line":29},"1":{"loc":{"start":{"line":40,"column":8},"end":{"line":44,"column":9}},"type":"if","locations":[{"start":{"line":40,"column":8},"end":{"line":44,"column":9}},{"start":{"line":40,"column":8},"end":{"line":44,"column":9}}],"line":40},"2":{"loc":{"start":{"line":43,"column":12},"end":{"line":43,"column":47}},"type":"if","locations":[{"start":{"line":43,"column":12},"end":{"line":43,"column":47}},{"start":{"line":43,"column":12},"end":{"line":43,"column":47}}],"line":43},"3":{"loc":{"start":{"line":53,"column":8},"end":{"line":61,"column":9}},"type":"if","locations":[{"start":{"line":53,"column":8},"end":{"line":61,"column":9}},{"start":{"line":53,"column":8},"end":{"line":61,"column":9}}],"line":53}},"s":{"0":3,"1":3,"2":3,"3":3,"4":1,"5":3,"6":3,"7":3,"8":3,"9":3,"10":3,"11":3,"12":3,"13":3,"14":3,"15":3,"16":3,"17":3,"18":3,"19":3,"20":1,"21":1,"22":2},"f":{"0":3,"1":3,"2":1},"b":{"0":[0],"1":[3,0],"2":[3,0],"3":[1,2]},"_coverageSchema":"1a1c01bbd47fc00a2c39e90264f33305004495a9","hash":"8e3449927a7500f1eda74cb2cd4a974e2e7e7753"}
,"/home/bugra/Documents/MiniProject/gdal3.js/src/allJsFunctions/application/gdal_translate.js": {"path":"/home/bugra/Documents/MiniProject/gdal3.js/src/allJsFunctions/application/gdal_translate.js","statementMap":{"0":{"start":{"line":30,"column":4},"end":{"line":62,"column":7}},"1":{"start":{"line":31,"column":23},"end":{"line":31,"column":42}},"2":{"start":{"line":32,"column":23},"end":{"line":32,"column":36}},"3":{"start":{"line":33,"column":8},"end":{"line":35,"column":11}},"4":{"start":{"line":34,"column":12},"end":{"line":34,"column":57}},"5":{"start":{"line":36,"column":36},"end":{"line":36,"column":91}},"6":{"start":{"line":38,"column":28},"end":{"line":38,"column":54}},"7":{"start":{"line":39,"column":18},"end":{"line":39,"column":27}},"8":{"start":{"line":40,"column":8},"end":{"line":44,"column":9}},"9":{"start":{"line":41,"column":31},"end":{"line":41,"column":51}},"10":{"start":{"line":42,"column":27},"end":{"line":42,"column":53}},"11":{"start":{"line":43,"column":12},"end":{"line":43,"column":47}},"12":{"start":{"line":43,"column":24},"end":{"line":43,"column":47}},"13":{"start":{"line":46,"column":27},"end":{"line":46,"column":56}},"14":{"start":{"line":47,"column":25},"end":{"line":47,"column":61}},"15":{"start":{"line":48,"column":27},"end":{"line":48,"column":108}},"16":{"start":{"line":49,"column":8},"end":{"line":49,"column":68}},"17":{"start":{"line":50,"column":8},"end":{"line":50,"column":29}},"18":{"start":{"line":51,"column":8},"end":{"line":51,"column":44}},"19":{"start":{"line":53,"column":8},"end":{"line":61,"column":9}},"20":{"start":{"line":54,"column":26},"end":{"line":54,"column":40}},"21":{"start":{"line":55,"column":12},"end":{"line":55,"column":26}},"22":{"start":{"line":57,"column":12},"end":{"line":60,"column":15}}},"fnMap":{"0":{"name":"gdal_translate","decl":{"start":{"line":29,"column":24},"end":{"line":29,"column":38}},"loc":{"start":{"line":29,"column":62},"end":{"line":63,"column":1}},"line":29},"1":{"name":"(anonymous_1)","decl":{"start":{"line":30,"column":23},"end":{"line":30,"column":24}},"loc":{"start":{"line":30,"column":44},"end":{"line":62,"column":5}},"line":30},"2":{"name":"(anonymous_2)","decl":{"start":{"line":33,"column":39},"end":{"line":33,"column":40}},"loc":{"start":{"line":33,"column":57},"end":{"line":35,"column":9}},"line":33}},"branchMap":{"0":{"loc":{"start":{"line":29,"column":48},"end":{"line":29,"column":60}},"type":"default-arg","locations":[{"start":{"line":29,"column":58},"end":{"line":29,"column":60}}],"line":29},"1":{"loc":{"start":{"line":40,"column":8},"end":{"line":44,"column":9}},"type":"if","locations":[{"start":{"line":40,"column":8},"end":{"line":44,"column":9}},{"start":{"line":40,"column":8},"end":{"line":44,"column":9}}],"line":40},"2":{"loc":{"start":{"line":43,"column":12},"end":{"line":43,"column":47}},"type":"if","locations":[{"start":{"line":43,"column":12},"end":{"line":43,"column":47}},{"start":{"line":43,"column":12},"end":{"line":43,"column":47}}],"line":43},"3":{"loc":{"start":{"line":53,"column":8},"end":{"line":61,"column":9}},"type":"if","locations":[{"start":{"line":53,"column":8},"end":{"line":61,"column":9}},{"start":{"line":53,"column":8},"end":{"line":61,"column":9}}],"line":53}},"s":{"0":117,"1":117,"2":117,"3":117,"4":1,"5":117,"6":117,"7":117,"8":117,"9":116,"10":116,"11":116,"12":116,"13":117,"14":117,"15":117,"16":117,"17":117,"18":117,"19":117,"20":1,"21":1,"22":116},"f":{"0":117,"1":117,"2":1},"b":{"0":[0],"1":[116,1],"2":[116,0],"3":[1,116]},"_coverageSchema":"1a1c01bbd47fc00a2c39e90264f33305004495a9","hash":"91c917008cf29bbc81279c561849aecf06bed411"}
,"/home/bugra/Documents/MiniProject/gdal3.js/src/allJsFunctions/application/gdaltransform.js": {"path":"/home/bugra/Documents/MiniProject/gdal3.js/src/allJsFunctions/application/gdaltransform.js","statementMap":{"0":{"start":{"line":29,"column":4},"end":{"line":119,"column":7}},"1":{"start":{"line":30,"column":24},"end":{"line":30,"column":65}},"2":{"start":{"line":30,"column":59},"end":{"line":30,"column":63}},"3":{"start":{"line":31,"column":24},"end":{"line":31,"column":65}},"4":{"start":{"line":31,"column":59},"end":{"line":31,"column":63}},"5":{"start":{"line":32,"column":24},"end":{"line":32,"column":70}},"6":{"start":{"line":32,"column":59},"end":{"line":32,"column":68}},"7":{"start":{"line":33,"column":29},"end":{"line":33,"column":101}},"8":{"start":{"line":34,"column":29},"end":{"line":34,"column":101}},"9":{"start":{"line":35,"column":29},"end":{"line":35,"column":101}},"10":{"start":{"line":36,"column":8},"end":{"line":36,"column":92}},"11":{"start":{"line":37,"column":8},"end":{"line":37,"column":92}},"12":{"start":{"line":38,"column":8},"end":{"line":38,"column":92}},"13":{"start":{"line":40,"column":23},"end":{"line":40,"column":28}},"14":{"start":{"line":41,"column":24},"end":{"line":41,"column":29}},"15":{"start":{"line":43,"column":25},"end":{"line":43,"column":27}},"16":{"start":{"line":44,"column":8},"end":{"line":83,"column":9}},"17":{"start":{"line":44,"column":21},"end":{"line":44,"column":22}},"18":{"start":{"line":45,"column":12},"end":{"line":82,"column":13}},"19":{"start":{"line":47,"column":20},"end":{"line":47,"column":27}},"20":{"start":{"line":48,"column":20},"end":{"line":48,"column":59}},"21":{"start":{"line":49,"column":20},"end":{"line":49,"column":26}},"22":{"start":{"line":51,"column":20},"end":{"line":51,"column":27}},"23":{"start":{"line":52,"column":20},"end":{"line":52,"column":59}},"24":{"start":{"line":53,"column":20},"end":{"line":53,"column":26}},"25":{"start":{"line":55,"column":20},"end":{"line":55,"column":27}},"26":{"start":{"line":56,"column":20},"end":{"line":56,"column":72}},"27":{"start":{"line":57,"column":20},"end":{"line":57,"column":26}},"28":{"start":{"line":59,"column":20},"end":{"line":59,"column":27}},"29":{"start":{"line":60,"column":20},"end":{"line":60,"column":65}},"30":{"start":{"line":61,"column":20},"end":{"line":61,"column":26}},"31":{"start":{"line":63,"column":20},"end":{"line":63,"column":52}},"32":{"start":{"line":64,"column":20},"end":{"line":64,"column":26}},"33":{"start":{"line":66,"column":20},"end":{"line":66,"column":48}},"34":{"start":{"line":67,"column":20},"end":{"line":67,"column":26}},"35":{"start":{"line":69,"column":20},"end":{"line":69,"column":57}},"36":{"start":{"line":70,"column":20},"end":{"line":70,"column":26}},"37":{"start":{"line":72,"column":20},"end":{"line":72,"column":36}},"38":{"start":{"line":73,"column":20},"end":{"line":73,"column":26}},"39":{"start":{"line":75,"column":20},"end":{"line":75,"column":27}},"40":{"start":{"line":76,"column":20},"end":{"line":76,"column":51}},"41":{"start":{"line":77,"column":20},"end":{"line":77,"column":26}},"42":{"start":{"line":79,"column":20},"end":{"line":79,"column":37}},"43":{"start":{"line":80,"column":20},"end":{"line":80,"column":26}},"44":{"start":{"line":85,"column":23},"end":{"line":85,"column":43}},"45":{"start":{"line":87,"column":30},"end":{"line":87,"column":100}},"46":{"start":{"line":88,"column":8},"end":{"line":90,"column":10}},"47":{"start":{"line":92,"column":32},"end":{"line":105,"column":9}},"48":{"start":{"line":107,"column":23},"end":{"line":107,"column":25}},"49":{"start":{"line":108,"column":8},"end":{"line":111,"column":9}},"50":{"start":{"line":108,"column":21},"end":{"line":108,"column":22}},"51":{"start":{"line":109,"column":12},"end":{"line":110,"column":100}},"52":{"start":{"line":109,"column":27},"end":{"line":109,"column":87}},"53":{"start":{"line":110,"column":17},"end":{"line":110,"column":100}},"54":{"start":{"line":112,"column":8},"end":{"line":112,"column":49}},"55":{"start":{"line":113,"column":8},"end":{"line":113,"column":49}},"56":{"start":{"line":114,"column":8},"end":{"line":114,"column":49}},"57":{"start":{"line":115,"column":8},"end":{"line":115,"column":29}},"58":{"start":{"line":116,"column":8},"end":{"line":116,"column":70}},"59":{"start":{"line":118,"column":8},"end":{"line":118,"column":24}}},"fnMap":{"0":{"name":"gdaltransform","decl":{"start":{"line":28,"column":24},"end":{"line":28,"column":37}},"loc":{"start":{"line":28,"column":55},"end":{"line":120,"column":1}},"line":28},"1":{"name":"(anonymous_1)","decl":{"start":{"line":29,"column":23},"end":{"line":29,"column":24}},"loc":{"start":{"line":29,"column":36},"end":{"line":119,"column":5}},"line":29},"2":{"name":"(anonymous_2)","decl":{"start":{"line":30,"column":52},"end":{"line":30,"column":53}},"loc":{"start":{"line":30,"column":59},"end":{"line":30,"column":63}},"line":30},"3":{"name":"(anonymous_3)","decl":{"start":{"line":31,"column":52},"end":{"line":31,"column":53}},"loc":{"start":{"line":31,"column":59},"end":{"line":31,"column":63}},"line":31},"4":{"name":"(anonymous_4)","decl":{"start":{"line":32,"column":52},"end":{"line":32,"column":53}},"loc":{"start":{"line":32,"column":59},"end":{"line":32,"column":68}},"line":32}},"branchMap":{"0":{"loc":{"start":{"line":32,"column":59},"end":{"line":32,"column":68}},"type":"binary-expr","locations":[{"start":{"line":32,"column":59},"end":{"line":32,"column":63}},{"start":{"line":32,"column":67},"end":{"line":32,"column":68}}],"line":32},"1":{"loc":{"start":{"line":45,"column":12},"end":{"line":82,"column":13}},"type":"switch","locations":[{"start":{"line":46,"column":16},"end":{"line":49,"column":26}},{"start":{"line":50,"column":16},"end":{"line":53,"column":26}},{"start":{"line":54,"column":16},"end":{"line":57,"column":26}},{"start":{"line":58,"column":16},"end":{"line":61,"column":26}},{"start":{"line":62,"column":16},"end":{"line":64,"column":26}},{"start":{"line":65,"column":16},"end":{"line":67,"column":26}},{"start":{"line":68,"column":16},"end":{"line":70,"column":26}},{"start":{"line":71,"column":16},"end":{"line":73,"column":26}},{"start":{"line":74,"column":16},"end":{"line":77,"column":26}},{"start":{"line":78,"column":16},"end":{"line":80,"column":26}},{"start":{"line":81,"column":16},"end":{"line":81,"column":24}}],"line":45},"2":{"loc":{"start":{"line":109,"column":12},"end":{"line":110,"column":100}},"type":"if","locations":[{"start":{"line":109,"column":12},"end":{"line":110,"column":100}},{"start":{"line":109,"column":12},"end":{"line":110,"column":100}}],"line":109}},"s":{"0":2,"1":2,"2":2,"3":2,"4":2,"5":2,"6":2,"7":2,"8":2,"9":2,"10":2,"11":2,"12":2,"13":2,"14":2,"15":2,"16":2,"17":2,"18":12,"19":2,"20":2,"21":2,"22":2,"23":2,"24":2,"25":1,"26":1,"27":1,"28":1,"29":1,"30":1,"31":1,"32":1,"33":1,"34":1,"35":1,"36":1,"37":1,"38":1,"39":1,"40":1,"41":1,"42":1,"43":1,"44":2,"45":2,"46":2,"47":2,"48":2,"49":2,"50":2,"51":2,"52":1,"53":1,"54":2,"55":2,"56":2,"57":2,"58":2,"59":2},"f":{"0":2,"1":2,"2":2,"3":2,"4":2},"b":{"0":[2,2],"1":[2,2,1,1,1,1,1,1,1,1,0],"2":[1,1]},"_coverageSchema":"1a1c01bbd47fc00a2c39e90264f33305004495a9","hash":"c505108aa5d882ec0a9c7e8351dbbffd87f8962c"}
,"/home/bugra/Documents/MiniProject/gdal3.js/src/allJsFunctions/application/gdalwarp.js": {"path":"/home/bugra/Documents/MiniProject/gdal3.js/src/allJsFunctions/application/gdalwarp.js","statementMap":{"0":{"start":{"line":31,"column":4},"end":{"line":66,"column":7}},"1":{"start":{"line":32,"column":23},"end":{"line":32,"column":42}},"2":{"start":{"line":33,"column":23},"end":{"line":33,"column":36}},"3":{"start":{"line":34,"column":8},"end":{"line":36,"column":11}},"4":{"start":{"line":35,"column":12},"end":{"line":35,"column":57}},"5":{"start":{"line":37,"column":36},"end":{"line":37,"column":89}},"6":{"start":{"line":39,"column":28},"end":{"line":39,"column":59}},"7":{"start":{"line":40,"column":8},"end":{"line":40,"column":73}},"8":{"start":{"line":42,"column":28},"end":{"line":42,"column":54}},"9":{"start":{"line":43,"column":18},"end":{"line":43,"column":27}},"10":{"start":{"line":44,"column":8},"end":{"line":48,"column":9}},"11":{"start":{"line":45,"column":31},"end":{"line":45,"column":51}},"12":{"start":{"line":46,"column":27},"end":{"line":46,"column":53}},"13":{"start":{"line":47,"column":12},"end":{"line":47,"column":47}},"14":{"start":{"line":47,"column":24},"end":{"line":47,"column":47}},"15":{"start":{"line":50,"column":27},"end":{"line":50,"column":56}},"16":{"start":{"line":51,"column":25},"end":{"line":51,"column":61}},"17":{"start":{"line":52,"column":27},"end":{"line":52,"column":108}},"18":{"start":{"line":53,"column":8},"end":{"line":53,"column":66}},"19":{"start":{"line":54,"column":8},"end":{"line":54,"column":29}},"20":{"start":{"line":55,"column":8},"end":{"line":55,"column":44}},"21":{"start":{"line":57,"column":8},"end":{"line":65,"column":9}},"22":{"start":{"line":58,"column":26},"end":{"line":58,"column":40}},"23":{"start":{"line":59,"column":12},"end":{"line":59,"column":26}},"24":{"start":{"line":61,"column":12},"end":{"line":64,"column":15}}},"fnMap":{"0":{"name":"gdalwarp","decl":{"start":{"line":30,"column":24},"end":{"line":30,"column":32}},"loc":{"start":{"line":30,"column":56},"end":{"line":67,"column":1}},"line":30},"1":{"name":"(anonymous_1)","decl":{"start":{"line":31,"column":23},"end":{"line":31,"column":24}},"loc":{"start":{"line":31,"column":44},"end":{"line":66,"column":5}},"line":31},"2":{"name":"(anonymous_2)","decl":{"start":{"line":34,"column":39},"end":{"line":34,"column":40}},"loc":{"start":{"line":34,"column":57},"end":{"line":36,"column":9}},"line":34}},"branchMap":{"0":{"loc":{"start":{"line":30,"column":42},"end":{"line":30,"column":54}},"type":"default-arg","locations":[{"start":{"line":30,"column":52},"end":{"line":30,"column":54}}],"line":30},"1":{"loc":{"start":{"line":44,"column":8},"end":{"line":48,"column":9}},"type":"if","locations":[{"start":{"line":44,"column":8},"end":{"line":48,"column":9}},{"start":{"line":44,"column":8},"end":{"line":48,"column":9}}],"line":44},"2":{"loc":{"start":{"line":47,"column":12},"end":{"line":47,"column":47}},"type":"if","locations":[{"start":{"line":47,"column":12},"end":{"line":47,"column":47}},{"start":{"line":47,"column":12},"end":{"line":47,"column":47}}],"line":47},"3":{"loc":{"start":{"line":57,"column":8},"end":{"line":65,"column":9}},"type":"if","locations":[{"start":{"line":57,"column":8},"end":{"line":65,"column":9}},{"start":{"line":57,"column":8},"end":{"line":65,"column":9}}],"line":57}},"s":{"0":3,"1":3,"2":3,"3":3,"4":1,"5":3,"6":3,"7":3,"8":3,"9":3,"10":3,"11":2,"12":2,"13":2,"14":2,"15":3,"16":3,"17":3,"18":3,"19":3,"20":3,"21":3,"22":1,"23":1,"24":2},"f":{"0":3,"1":3,"2":1},"b":{"0":[0],"1":[2,1],"2":[2,0],"3":[1,2]},"_coverageSchema":"1a1c01bbd47fc00a2c39e90264f33305004495a9","hash":"ff608b5aecdb8d4a29df66555d878ccf4d22120a"}
,"/home/bugra/Documents/MiniProject/gdal3.js/src/allJsFunctions/application/ogr2ogr.js": {"path":"/home/bugra/Documents/MiniProject/gdal3.js/src/allJsFunctions/application/ogr2ogr.js","statementMap":{"0":{"start":{"line":33,"column":4},"end":{"line":71,"column":7}},"1":{"start":{"line":34,"column":23},"end":{"line":34,"column":42}},"2":{"start":{"line":35,"column":23},"end":{"line":35,"column":36}},"3":{"start":{"line":36,"column":8},"end":{"line":38,"column":11}},"4":{"start":{"line":37,"column":12},"end":{"line":37,"column":57}},"5":{"start":{"line":39,"column":36},"end":{"line":39,"column":97}},"6":{"start":{"line":41,"column":28},"end":{"line":41,"column":59}},"7":{"start":{"line":42,"column":8},"end":{"line":42,"column":73}},"8":{"start":{"line":44,"column":28},"end":{"line":44,"column":53}},"9":{"start":{"line":45,"column":18},"end":{"line":45,"column":27}},"10":{"start":{"line":46,"column":8},"end":{"line":53,"column":9}},"11":{"start":{"line":47,"column":31},"end":{"line":47,"column":51}},"12":{"start":{"line":48,"column":27},"end":{"line":48,"column":53}},"13":{"start":{"line":49,"column":12},"end":{"line":52,"column":13}},"14":{"start":{"line":50,"column":16},"end":{"line":51,"column":44}},"15":{"start":{"line":50,"column":91},"end":{"line":50,"column":103}},"16":{"start":{"line":51,"column":21},"end":{"line":51,"column":44}},"17":{"start":{"line":55,"column":27},"end":{"line":55,"column":56}},"18":{"start":{"line":56,"column":25},"end":{"line":56,"column":61}},"19":{"start":{"line":57,"column":27},"end":{"line":57,"column":119}},"20":{"start":{"line":58,"column":8},"end":{"line":58,"column":74}},"21":{"start":{"line":59,"column":8},"end":{"line":59,"column":29}},"22":{"start":{"line":60,"column":8},"end":{"line":60,"column":44}},"23":{"start":{"line":62,"column":8},"end":{"line":70,"column":9}},"24":{"start":{"line":63,"column":26},"end":{"line":63,"column":40}},"25":{"start":{"line":64,"column":12},"end":{"line":64,"column":26}},"26":{"start":{"line":66,"column":12},"end":{"line":69,"column":15}}},"fnMap":{"0":{"name":"ogr2ogr","decl":{"start":{"line":32,"column":24},"end":{"line":32,"column":31}},"loc":{"start":{"line":32,"column":55},"end":{"line":72,"column":1}},"line":32},"1":{"name":"(anonymous_1)","decl":{"start":{"line":33,"column":23},"end":{"line":33,"column":24}},"loc":{"start":{"line":33,"column":44},"end":{"line":71,"column":5}},"line":33},"2":{"name":"(anonymous_2)","decl":{"start":{"line":36,"column":39},"end":{"line":36,"column":40}},"loc":{"start":{"line":36,"column":57},"end":{"line":38,"column":9}},"line":36}},"branchMap":{"0":{"loc":{"start":{"line":32,"column":41},"end":{"line":32,"column":53}},"type":"default-arg","locations":[{"start":{"line":32,"column":51},"end":{"line":32,"column":53}}],"line":32},"1":{"loc":{"start":{"line":46,"column":8},"end":{"line":53,"column":9}},"type":"if","locations":[{"start":{"line":46,"column":8},"end":{"line":53,"column":9}},{"start":{"line":46,"column":8},"end":{"line":53,"column":9}}],"line":46},"2":{"loc":{"start":{"line":49,"column":12},"end":{"line":52,"column":13}},"type":"if","locations":[{"start":{"line":49,"column":12},"end":{"line":52,"column":13}},{"start":{"line":49,"column":12},"end":{"line":52,"column":13}}],"line":49},"3":{"loc":{"start":{"line":50,"column":16},"end":{"line":51,"column":44}},"type":"if","locations":[{"start":{"line":50,"column":16},"end":{"line":51,"column":44}},{"start":{"line":50,"column":16},"end":{"line":51,"column":44}}],"line":50},"4":{"loc":{"start":{"line":50,"column":20},"end":{"line":50,"column":89}},"type":"binary-expr","locations":[{"start":{"line":50,"column":20},"end":{"line":50,"column":49}},{"start":{"line":50,"column":53},"end":{"line":50,"column":89}}],"line":50},"5":{"loc":{"start":{"line":62,"column":8},"end":{"line":70,"column":9}},"type":"if","locations":[{"start":{"line":62,"column":8},"end":{"line":70,"column":9}},{"start":{"line":62,"column":8},"end":{"line":70,"column":9}}],"line":62}},"s":{"0":198,"1":198,"2":198,"3":198,"4":1,"5":198,"6":198,"7":198,"8":198,"9":198,"10":198,"11":198,"12":198,"13":198,"14":197,"15":5,"16":192,"17":198,"18":198,"19":198,"20":198,"21":198,"22":198,"23":198,"24":1,"25":1,"26":197},"f":{"0":198,"1":198,"2":1},"b":{"0":[0],"1":[198,0],"2":[197,1],"3":[5,192],"4":[197,9],"5":[1,197]},"_coverageSchema":"1a1c01bbd47fc00a2c39e90264f33305004495a9","hash":"ed736ea7bbdaeb813ebc4ef618d7642c1f96de55"}
,"/home/bugra/Documents/MiniProject/gdal3.js/src/allJsFunctions/function/close.js": {"path":"/home/bugra/Documents/MiniProject/gdal3.js/src/allJsFunctions/function/close.js","statementMap":{"0":{"start":{"line":17,"column":4},"end":{"line":20,"column":7}},"1":{"start":{"line":18,"column":8},"end":{"line":18,"column":49}},"2":{"start":{"line":19,"column":8},"end":{"line":19,"column":18}}},"fnMap":{"0":{"name":"close","decl":{"start":{"line":16,"column":24},"end":{"line":16,"column":29}},"loc":{"start":{"line":16,"column":39},"end":{"line":21,"column":1}},"line":16},"1":{"name":"(anonymous_1)","decl":{"start":{"line":17,"column":23},"end":{"line":17,"column":24}},"loc":{"start":{"line":17,"column":36},"end":{"line":20,"column":5}},"line":17}},"branchMap":{},"s":{"0":1,"1":1,"2":1},"f":{"0":1,"1":1},"b":{},"_coverageSchema":"1a1c01bbd47fc00a2c39e90264f33305004495a9","hash":"12c37f9828548db66ebf98880f8b5c81f29c5976"}
,"/home/bugra/Documents/MiniProject/gdal3.js/src/allJsFunctions/function/getFileBytes.js": {"path":"/home/bugra/Documents/MiniProject/gdal3.js/src/allJsFunctions/function/getFileBytes.js","statementMap":{"0":{"start":{"line":28,"column":4},"end":{"line":43,"column":7}},"1":{"start":{"line":30,"column":8},"end":{"line":33,"column":9}},"2":{"start":{"line":31,"column":12},"end":{"line":31,"column":38}},"3":{"start":{"line":32,"column":12},"end":{"line":32,"column":19}},"4":{"start":{"line":35,"column":8},"end":{"line":39,"column":9}},"5":{"start":{"line":36,"column":12},"end":{"line":36,"column":34}},"6":{"start":{"line":38,"column":12},"end":{"line":38,"column":28}},"7":{"start":{"line":41,"column":22},"end":{"line":41,"column":84}},"8":{"start":{"line":42,"column":8},"end":{"line":42,"column":23}}},"fnMap":{"0":{"name":"getFileBytes","decl":{"start":{"line":27,"column":24},"end":{"line":27,"column":36}},"loc":{"start":{"line":27,"column":47},"end":{"line":44,"column":1}},"line":27},"1":{"name":"(anonymous_1)","decl":{"start":{"line":28,"column":23},"end":{"line":28,"column":24}},"loc":{"start":{"line":28,"column":36},"end":{"line":43,"column":5}},"line":28}},"branchMap":{"0":{"loc":{"start":{"line":30,"column":8},"end":{"line":33,"column":9}},"type":"if","locations":[{"start":{"line":30,"column":8},"end":{"line":33,"column":9}},{"start":{"line":30,"column":8},"end":{"line":33,"column":9}}],"line":30},"1":{"loc":{"start":{"line":35,"column":8},"end":{"line":39,"column":9}},"type":"if","locations":[{"start":{"line":35,"column":8},"end":{"line":39,"column":9}},{"start":{"line":35,"column":8},"end":{"line":39,"column":9}}],"line":35}},"s":{"0":4,"1":4,"2":1,"3":1,"4":3,"5":2,"6":1,"7":3,"8":3},"f":{"0":4,"1":4},"b":{"0":[1,3],"1":[2,1]},"_coverageSchema":"1a1c01bbd47fc00a2c39e90264f33305004495a9","hash":"9fa969568b2d7507a7048151b50364a443eafcdf"}
,"/home/bugra/Documents/MiniProject/gdal3.js/src/allJsFunctions/function/getInfo.js": {"path":"/home/bugra/Documents/MiniProject/gdal3.js/src/allJsFunctions/function/getInfo.js","statementMap":{"0":{"start":{"line":70,"column":4},"end":{"line":138,"column":7}},"1":{"start":{"line":71,"column":26},"end":{"line":71,"column":75}},"2":{"start":{"line":72,"column":27},"end":{"line":72,"column":82}},"3":{"start":{"line":73,"column":8},"end":{"line":137,"column":9}},"4":{"start":{"line":74,"column":25},"end":{"line":74,"column":74}},"5":{"start":{"line":75,"column":25},"end":{"line":75,"column":74}},"6":{"start":{"line":76,"column":27},"end":{"line":76,"column":78}},"7":{"start":{"line":77,"column":31},"end":{"line":77,"column":95}},"8":{"start":{"line":78,"column":12},"end":{"line":78,"column":75}},"9":{"start":{"line":79,"column":33},"end":{"line":82,"column":13}},"10":{"start":{"line":83,"column":28},"end":{"line":88,"column":13}},"11":{"start":{"line":89,"column":31},"end":{"line":96,"column":14}},"12":{"start":{"line":90,"column":26},"end":{"line":90,"column":35}},"13":{"start":{"line":91,"column":26},"end":{"line":91,"column":35}},"14":{"start":{"line":92,"column":16},"end":{"line":95,"column":18}},"15":{"start":{"line":97,"column":30},"end":{"line":97,"column":81}},"16":{"start":{"line":98,"column":31},"end":{"line":98,"column":77}},"17":{"start":{"line":99,"column":27},"end":{"line":99,"column":72}},"18":{"start":{"line":100,"column":12},"end":{"line":110,"column":17}},"19":{"start":{"line":114,"column":27},"end":{"line":114,"column":29}},"20":{"start":{"line":115,"column":12},"end":{"line":123,"column":13}},"21":{"start":{"line":115,"column":25},"end":{"line":115,"column":26}},"22":{"start":{"line":116,"column":33},"end":{"line":116,"column":82}},"23":{"start":{"line":117,"column":34},"end":{"line":117,"column":71}},"24":{"start":{"line":118,"column":37},"end":{"line":118,"column":85}},"25":{"start":{"line":119,"column":16},"end":{"line":122,"column":19}},"26":{"start":{"line":124,"column":33},"end":{"line":124,"column":91}},"27":{"start":{"line":124,"column":63},"end":{"line":124,"column":87}},"28":{"start":{"line":126,"column":27},"end":{"line":126,"column":72}},"29":{"start":{"line":127,"column":30},"end":{"line":127,"column":81}},"30":{"start":{"line":128,"column":31},"end":{"line":128,"column":77}},"31":{"start":{"line":129,"column":12},"end":{"line":136,"column":15}}},"fnMap":{"0":{"name":"getInfo","decl":{"start":{"line":69,"column":24},"end":{"line":69,"column":31}},"loc":{"start":{"line":69,"column":41},"end":{"line":139,"column":1}},"line":69},"1":{"name":"(anonymous_1)","decl":{"start":{"line":70,"column":23},"end":{"line":70,"column":24}},"loc":{"start":{"line":70,"column":36},"end":{"line":138,"column":5}},"line":70},"2":{"name":"(anonymous_2)","decl":{"start":{"line":89,"column":43},"end":{"line":89,"column":44}},"loc":{"start":{"line":89,"column":55},"end":{"line":96,"column":13}},"line":89},"3":{"name":"(anonymous_3)","decl":{"start":{"line":124,"column":47},"end":{"line":124,"column":48}},"loc":{"start":{"line":124,"column":63},"end":{"line":124,"column":87}},"line":124}},"branchMap":{"0":{"loc":{"start":{"line":73,"column":8},"end":{"line":137,"column":9}},"type":"if","locations":[{"start":{"line":73,"column":8},"end":{"line":137,"column":9}},{"start":{"line":73,"column":8},"end":{"line":137,"column":9}}],"line":73},"1":{"loc":{"start":{"line":73,"column":12},"end":{"line":73,"column":45}},"type":"binary-expr","locations":[{"start":{"line":73,"column":12},"end":{"line":73,"column":25}},{"start":{"line":73,"column":29},"end":{"line":73,"column":45}}],"line":73}},"s":{"0":324,"1":324,"2":324,"3":324,"4":124,"5":124,"6":124,"7":124,"8":124,"9":124,"10":124,"11":124,"12":496,"13":496,"14":496,"15":124,"16":124,"17":124,"18":124,"19":200,"20":200,"21":200,"22":216,"23":216,"24":216,"25":216,"26":200,"27":216,"28":200,"29":200,"30":200,"31":200},"f":{"0":324,"1":324,"2":496,"3":216},"b":{"0":[124,200],"1":[324,127]},"_coverageSchema":"1a1c01bbd47fc00a2c39e90264f33305004495a9","hash":"c4cbc74057bfcc266ba6d4dfa816ba3023fb1dea"}
,"/home/bugra/Documents/MiniProject/gdal3.js/src/allJsFunctions/function/getOutputFiles.js": {"path":"/home/bugra/Documents/MiniProject/gdal3.js/src/allJsFunctions/function/getOutputFiles.js","statementMap":{"0":{"start":{"line":16,"column":4},"end":{"line":19,"column":7}},"1":{"start":{"line":17,"column":22},"end":{"line":17,"column":35}},"2":{"start":{"line":18,"column":8},"end":{"line":18,"column":23}}},"fnMap":{"0":{"name":"getOutputFiles","decl":{"start":{"line":15,"column":24},"end":{"line":15,"column":38}},"loc":{"start":{"line":15,"column":41},"end":{"line":20,"column":1}},"line":15},"1":{"name":"(anonymous_1)","decl":{"start":{"line":16,"column":23},"end":{"line":16,"column":24}},"loc":{"start":{"line":16,"column":36},"end":{"line":19,"column":5}},"line":16}},"branchMap":{},"s":{"0":1,"1":1,"2":1},"f":{"0":1,"1":1},"b":{},"_coverageSchema":"1a1c01bbd47fc00a2c39e90264f33305004495a9","hash":"eeb339ef86ebf93fc64fb14427ca8826f708be6f"}
,"/home/bugra/Documents/MiniProject/gdal3.js/src/allJsFunctions/function/open.js": {"path":"/home/bugra/Documents/MiniProject/gdal3.js/src/allJsFunctions/function/open.js","statementMap":{"0":{"start":{"line":55,"column":16},"end":{"line":55,"column":27}},"1":{"start":{"line":56,"column":19},"end":{"line":56,"column":42}},"2":{"start":{"line":57,"column":4},"end":{"line":59,"column":5}},"3":{"start":{"line":58,"column":8},"end":{"line":58,"column":24}},"4":{"start":{"line":61,"column":4},"end":{"line":118,"column":7}},"5":{"start":{"line":62,"column":30},"end":{"line":62,"column":32}},"6":{"start":{"line":63,"column":30},"end":{"line":63,"column":32}},"7":{"start":{"line":64,"column":8},"end":{"line":72,"column":11}},"8":{"start":{"line":65,"column":12},"end":{"line":71,"column":13}},"9":{"start":{"line":68,"column":16},"end":{"line":68,"column":97}},"10":{"start":{"line":70,"column":16},"end":{"line":70,"column":41}},"11":{"start":{"line":73,"column":8},"end":{"line":117,"column":11}},"12":{"start":{"line":74,"column":33},"end":{"line":74,"column":76}},"13":{"start":{"line":75,"column":27},"end":{"line":75,"column":29}},"14":{"start":{"line":76,"column":12},"end":{"line":76,"column":42}},"15":{"start":{"line":77,"column":33},"end":{"line":77,"column":35}},"16":{"start":{"line":78,"column":12},"end":{"line":104,"column":13}},"17":{"start":{"line":78,"column":25},"end":{"line":78,"column":26}},"18":{"start":{"line":79,"column":29},"end":{"line":79,"column":49}},"19":{"start":{"line":80,"column":29},"end":{"line":80,"column":50}},"20":{"start":{"line":82,"column":16},"end":{"line":82,"column":65}},"21":{"start":{"line":82,"column":41},"end":{"line":82,"column":65}},"22":{"start":{"line":83,"column":16},"end":{"line":83,"column":57}},"23":{"start":{"line":83,"column":48},"end":{"line":83,"column":57}},"24":{"start":{"line":84,"column":16},"end":{"line":84,"column":47}},"25":{"start":{"line":86,"column":35},"end":{"line":86,"column":57}},"26":{"start":{"line":87,"column":16},"end":{"line":87,"column":85}},"27":{"start":{"line":87,"column":46},"end":{"line":87,"column":85}},"28":{"start":{"line":89,"column":35},"end":{"line":89,"column":103}},"29":{"start":{"line":90,"column":16},"end":{"line":95,"column":17}},"30":{"start":{"line":91,"column":34},"end":{"line":91,"column":48}},"31":{"start":{"line":92,"column":20},"end":{"line":92,"column":39}},"32":{"start":{"line":93,"column":20},"end":{"line":93,"column":46}},"33":{"start":{"line":94,"column":20},"end":{"line":94,"column":29}},"34":{"start":{"line":96,"column":16},"end":{"line":96,"column":56}},"35":{"start":{"line":97,"column":34},"end":{"line":97,"column":78}},"36":{"start":{"line":98,"column":35},"end":{"line":98,"column":85}},"37":{"start":{"line":99,"column":16},"end":{"line":103,"column":17}},"38":{"start":{"line":100,"column":20},"end":{"line":100,"column":55}},"39":{"start":{"line":102,"column":20},"end":{"line":102,"column":55}},"40":{"start":{"line":106,"column":12},"end":{"line":106,"column":33}},"41":{"start":{"line":108,"column":29},"end":{"line":108,"column":56}},"42":{"start":{"line":112,"column":12},"end":{"line":116,"column":13}},"43":{"start":{"line":113,"column":16},"end":{"line":113,"column":46}},"44":{"start":{"line":115,"column":16},"end":{"line":115,"column":31}}},"fnMap":{"0":{"name":"open","decl":{"start":{"line":54,"column":24},"end":{"line":54,"column":28}},"loc":{"start":{"line":54,"column":60},"end":{"line":119,"column":1}},"line":54},"1":{"name":"(anonymous_1)","decl":{"start":{"line":61,"column":23},"end":{"line":61,"column":24}},"loc":{"start":{"line":61,"column":44},"end":{"line":118,"column":5}},"line":61},"2":{"name":"(anonymous_2)","decl":{"start":{"line":64,"column":27},"end":{"line":64,"column":28}},"loc":{"start":{"line":64,"column":37},"end":{"line":72,"column":9}},"line":64},"3":{"name":"(anonymous_3)","decl":{"start":{"line":73,"column":34},"end":{"line":73,"column":35}},"loc":{"start":{"line":73,"column":60},"end":{"line":117,"column":9}},"line":73}},"branchMap":{"0":{"loc":{"start":{"line":54,"column":42},"end":{"line":54,"column":58}},"type":"default-arg","locations":[{"start":{"line":54,"column":56},"end":{"line":54,"column":58}}],"line":54},"1":{"loc":{"start":{"line":57,"column":4},"end":{"line":59,"column":5}},"type":"if","locations":[{"start":{"line":57,"column":4},"end":{"line":59,"column":5}},{"start":{"line":57,"column":4},"end":{"line":59,"column":5}}],"line":57},"2":{"loc":{"start":{"line":57,"column":10},"end":{"line":57,"column":95}},"type":"binary-expr","locations":[{"start":{"line":57,"column":10},"end":{"line":57,"column":30}},{"start":{"line":57,"column":35},"end":{"line":57,"column":65}},{"start":{"line":57,"column":69},"end":{"line":57,"column":94}}],"line":57},"3":{"loc":{"start":{"line":65,"column":12},"end":{"line":71,"column":13}},"type":"if","locations":[{"start":{"line":65,"column":12},"end":{"line":71,"column":13}},{"start":{"line":65,"column":12},"end":{"line":71,"column":13}}],"line":65},"4":{"loc":{"start":{"line":65,"column":16},"end":{"line":67,"column":13}},"type":"binary-expr","locations":[{"start":{"line":65,"column":17},"end":{"line":65,"column":41}},{"start":{"line":65,"column":45},"end":{"line":65,"column":67}},{"start":{"line":66,"column":16},"end":{"line":66,"column":72}},{"start":{"line":66,"column":76},"end":{"line":66,"column":134}}],"line":65},"5":{"loc":{"start":{"line":82,"column":16},"end":{"line":82,"column":65}},"type":"if","locations":[{"start":{"line":82,"column":16},"end":{"line":82,"column":65}},{"start":{"line":82,"column":16},"end":{"line":82,"column":65}}],"line":82},"6":{"loc":{"start":{"line":83,"column":16},"end":{"line":83,"column":57}},"type":"if","locations":[{"start":{"line":83,"column":16},"end":{"line":83,"column":57}},{"start":{"line":83,"column":16},"end":{"line":83,"column":57}}],"line":83},"7":{"loc":{"start":{"line":87,"column":16},"end":{"line":87,"column":85}},"type":"if","locations":[{"start":{"line":87,"column":16},"end":{"line":87,"column":85}},{"start":{"line":87,"column":16},"end":{"line":87,"column":85}}],"line":87},"8":{"loc":{"start":{"line":90,"column":16},"end":{"line":95,"column":17}},"type":"if","locations":[{"start":{"line":90,"column":16},"end":{"line":95,"column":17}},{"start":{"line":90,"column":16},"end":{"line":95,"column":17}}],"line":90},"9":{"loc":{"start":{"line":90,"column":20},"end":{"line":90,"column":79}},"type":"binary-expr","locations":[{"start":{"line":90,"column":20},"end":{"line":90,"column":59}},{"start":{"line":90,"column":63},"end":{"line":90,"column":79}}],"line":90},"10":{"loc":{"start":{"line":99,"column":16},"end":{"line":103,"column":17}},"type":"if","locations":[{"start":{"line":99,"column":16},"end":{"line":103,"column":17}},{"start":{"line":99,"column":16},"end":{"line":103,"column":17}}],"line":99},"11":{"loc":{"start":{"line":99,"column":20},"end":{"line":99,"column":53}},"type":"binary-expr","locations":[{"start":{"line":99,"column":20},"end":{"line":99,"column":33}},{"start":{"line":99,"column":37},"end":{"line":99,"column":53}}],"line":99},"12":{"loc":{"start":{"line":112,"column":12},"end":{"line":116,"column":13}},"type":"if","locations":[{"start":{"line":112,"column":12},"end":{"line":116,"column":13}},{"start":{"line":112,"column":12},"end":{"line":116,"column":13}}],"line":112},"13":{"loc":{"start":{"line":112,"column":16},"end":{"line":112,"column":58}},"type":"binary-expr","locations":[{"start":{"line":112,"column":16},"end":{"line":112,"column":35}},{"start":{"line":112,"column":39},"end":{"line":112,"column":58}}],"line":112}},"s":{"0":548,"1":548,"2":548,"3":547,"4":548,"5":548,"6":548,"7":548,"8":549,"9":2,"10":547,"11":548,"12":548,"13":548,"14":548,"15":548,"16":548,"17":548,"18":549,"19":549,"20":549,"21":548,"22":549,"23":1,"24":548,"25":548,"26":548,"27":2,"28":548,"29":548,"30":2,"31":2,"32":2,"33":2,"34":546,"35":546,"36":546,"37":546,"38":241,"39":305,"40":548,"41":548,"42":548,"43":546,"44":2},"f":{"0":548,"1":548,"2":549,"3":548},"b":{"0":[547],"1":[547,1],"2":[548,547,0],"3":[2,547],"4":[549,0,549,549],"5":[548,1],"6":[1,548],"7":[2,546],"8":[2,546],"9":[548,548],"10":[241,305],"11":[546,244],"12":[546,2],"13":[548,2]},"_coverageSchema":"1a1c01bbd47fc00a2c39e90264f33305004495a9","hash":"22a148d9ab01bc7c09620c153cdf56c59e0161ed"}
}
